-------------------------------------------------------------------------------
Test set: fr.m2i.test.jwt.EchoEndpointTest
-------------------------------------------------------------------------------
Tests run: 2, Failures: 0, Errors: 2, Skipped: 0, Time elapsed: 0.061 s <<< FAILURE! - in fr.m2i.test.jwt.EchoEndpointTest
shouldEchoHello  Time elapsed: 0.037 s  <<< ERROR!
java.lang.NullPointerException: Cannot invoke "javax.ws.rs.client.WebTarget.queryParam(String, Object[])" because "this.echoTarget" is null
	at fr.m2i.test.jwt.EchoEndpointTest.shouldEchoHello(EchoEndpointTest.java:24)

shouldEchoMessage  Time elapsed: 0 s  <<< ERROR!
java.lang.NullPointerException: Cannot invoke "javax.ws.rs.client.WebTarget.request(String[])" because "this.echoTarget" is null
	at fr.m2i.test.jwt.EchoEndpointTest.shouldEchoMessage(EchoEndpointTest.java:17)

