<?xml version="1.0" encoding="UTF-8"?>
<testsuite xmlns:xsi="http://www.w3.org/2001/XMLSchema-instance" xsi:noNamespaceSchemaLocation="https://maven.apache.org/surefire/maven-surefire-plugin/xsd/surefire-test-report.xsd" name="fr.m2i.test.jwt.EchoEndpointTest" time="0.061" tests="2" errors="2" skipped="0" failures="0">
  <properties>
[...]
</properties>
  <testcase name="shouldEchoHello" classname="fr.m2i.test.jwt.EchoEndpointTest" time="0.037">
    <error message="Cannot invoke &quot;javax.ws.rs.client.WebTarget.queryParam(String, Object[])&quot; because &quot;this.echoTarget&quot; is null" type="java.lang.NullPointerException">java.lang.NullPointerException: Cannot invoke "javax.ws.rs.client.WebTarget.queryParam(String, Object[])" because "this.echoTarget" is null
	at fr.m2i.test.jwt.EchoEndpointTest.shouldEchoHello(EchoEndpointTest.java:24)
</error>
  </testcase>
  <testcase name="shouldEchoMessage" classname="fr.m2i.test.jwt.EchoEndpointTest" time="0">
    <error message="Cannot invoke &quot;javax.ws.rs.client.WebTarget.request(String[])&quot; because &quot;this.echoTarget&quot; is null" type="java.lang.NullPointerException">java.lang.NullPointerException: Cannot invoke "javax.ws.rs.client.WebTarget.request(String[])" because "this.echoTarget" is null
	at fr.m2i.test.jwt.EchoEndpointTest.shouldEchoMessage(EchoEndpointTest.java:17)
</error>
  </testcase>
</testsuite>